TN:
SF:server.js
FN:29,(anonymous_0)
FN:37,(anonymous_1)
FN:40,(anonymous_2)
FN:57,(anonymous_3)
FN:67,(anonymous_4)
FN:75,(anonymous_5)
FN:91,(anonymous_6)
FN:94,(anonymous_7)
FN:127,(anonymous_8)
FN:130,(anonymous_9)
FN:151,(anonymous_10)
FN:163,(anonymous_11)
FNF:12
FNH:9
FNDA:3,(anonymous_0)
FNDA:0,(anonymous_1)
FNDA:0,(anonymous_2)
FNDA:4,(anonymous_3)
FNDA:8,(anonymous_4)
FNDA:8,(anonymous_5)
FNDA:1,(anonymous_6)
FNDA:1,(anonymous_7)
FNDA:1,(anonymous_8)
FNDA:4,(anonymous_9)
FNDA:1,(anonymous_10)
FNDA:0,(anonymous_11)
DA:1,1
DA:2,1
DA:4,1
DA:6,1
DA:8,1
DA:9,1
DA:12,1
DA:29,1
DA:31,3
DA:37,1
DA:39,0
DA:40,0
DA:44,0
DA:45,0
DA:51,0
DA:57,1
DA:59,4
DA:60,1
DA:65,3
DA:67,8
DA:74,3
DA:75,8
DA:78,3
DA:79,1
DA:84,2
DA:86,2
DA:91,1
DA:93,1
DA:94,1
DA:98,1
DA:100,0
DA:107,1
DA:108,0
DA:112,1
DA:113,0
DA:117,1
DA:118,1
DA:122,1
DA:127,1
DA:129,1
DA:130,4
DA:134,1
DA:135,0
DA:141,1
DA:144,1
DA:149,1
DA:151,1
DA:153,1
DA:162,1
DA:163,0
DA:164,0
DA:168,1
LF:52
LH:41
BRDA:6,0,0,1
BRDA:6,0,1,1
BRDA:44,1,0,0
BRDA:44,1,1,0
BRDA:59,2,0,1
BRDA:59,2,1,3
BRDA:66,3,0,3
BRDA:66,3,1,0
BRDA:78,4,0,1
BRDA:78,4,1,2
BRDA:98,5,0,0
BRDA:98,5,1,1
BRDA:107,6,0,0
BRDA:107,6,1,1
BRDA:112,7,0,0
BRDA:112,7,1,1
BRDA:117,8,0,1
BRDA:117,8,1,0
BRDA:134,9,0,0
BRDA:134,9,1,1
BRDA:162,10,0,0
BRDA:162,10,1,1
BRF:22
BRH:13
end_of_record
